\BOOKMARK [1][-]{section.1}{\376\377\004\043\004\062\004\076\004\064}{}% 1
\BOOKMARK [2][-]{subsection.1.1}{\376\377\004\046\004\065\004\073\004\070\000\040\004\075\004\060\000\040\004\064\004\070\004\077\004\073\004\076\004\074\004\075\004\060\004\102\004\060\000\040\004\100\004\060\004\061\004\076\004\102\004\060}{section.1}% 2
\BOOKMARK [2][-]{subsection.1.2}{\376\377\004\034\004\065\004\102\004\076\004\064\004\076\004\073\004\076\004\063\004\070\004\117\000\040\004\075\004\060\000\040\004\070\004\067\004\101\004\073\004\065\004\064\004\062\004\060\004\075\004\065}{section.1}% 3
\BOOKMARK [1][-]{section.2}{\376\377\004\042\004\065\004\076\004\100\004\065\004\102\004\070\004\107\004\075\004\060\000\040\004\107\004\060\004\101\004\102}{}% 4
\BOOKMARK [2][-]{subsection.2.1}{\376\377\004\036\004\101\004\075\004\076\004\062\004\075\004\070\000\040\004\077\004\076\004\075\004\117\004\102\004\070\004\117\000\040\004\070\000\040\004\076\004\077\004\100\004\065\004\064\004\065\004\073\004\065\004\075\004\070\004\117}{section.2}% 5
\BOOKMARK [2][-]{subsection.2.2}{\376\377\004\041\004\112\004\062\004\100\004\065\004\074\004\065\004\075\004\075\004\070\000\040\004\102\004\065\004\105\004\075\004\076\004\073\004\076\004\063\004\070\004\070\000\040\004\062\000\040\004\103\004\065\004\061\000\040\004\100\004\060\004\067\004\100\004\060\004\061\004\076\004\102\004\072\004\060\004\102\004\060}{section.2}% 6
\BOOKMARK [2][-]{subsection.2.3}{\376\377\004\041\004\070\004\063\004\103\004\100\004\075\004\076\004\101\004\102\000\040\004\062\000\040\004\103\004\065\004\061\000\040\004\077\004\100\004\070\004\073\004\076\004\066\004\065\004\075\004\070\004\117\004\102\004\060}{section.2}% 7
\BOOKMARK [2][-]{subsection.2.4}{\376\377\004\034\004\065\004\102\004\076\004\064\004\076\004\073\004\076\004\063\004\070\004\070\000\040\004\067\004\060\000\040\004\100\004\060\004\067\004\100\004\060\004\061\004\076\004\102\004\072\004\060\000\040\004\075\004\060\000\040\004\101\004\076\004\104\004\102\004\103\004\065\004\100}{section.2}% 8
\BOOKMARK [2][-]{subsection.2.5}{\376\377\004\037\004\076\004\102\004\100\004\065\004\061\004\070\004\102\004\065\004\073\004\101\004\072\004\070\000\040\004\076\004\077\004\070\004\102\000\040\004\070\000\040\004\064\004\070\004\067\004\060\004\071\004\075}{section.2}% 9
\BOOKMARK [1][-]{section.3}{\376\377\004\020\004\075\004\060\004\073\004\070\004\067\000\040\004\075\004\060\000\040\004\101\004\112\004\111\004\065\004\101\004\102\004\062\004\103\004\062\004\060\004\111\004\070\004\102\004\065\000\040\004\101\004\070\004\101\004\102\004\065\004\074\004\070\000\040\004\067\004\060\000\040\004\103\004\077\004\100\004\060\004\062\004\073\004\065\004\075\004\070\004\065\000\040\004\075\004\060\000\040\004\060\004\062\004\102\004\076\004\074\004\076\004\061\004\070\004\073\004\070\000\040\004\077\004\076\004\064\000\040\004\075\004\060\004\065\004\074}{}% 10
\BOOKMARK [2][-]{subsection.3.1}{\376\377\004\041\004\112\004\111\004\065\004\101\004\102\004\062\004\103\004\062\004\060\004\111\004\070\000\040\004\101\004\070\004\101\004\102\004\065\004\074\004\070\000\040\004\075\004\060\000\040\004\077\004\060\004\067\004\060\004\100\004\060}{section.3}% 11
\BOOKMARK [2][-]{subsection.3.2}{\376\377\004\041\004\100\004\060\004\062\004\075\004\070\004\102\004\065\004\073\004\065\004\075\000\040\004\060\004\075\004\060\004\073\004\070\004\067}{section.3}% 12
\BOOKMARK [2][-]{subsection.3.3}{\376\377\004\020\004\075\004\060\004\073\004\070\004\067\000\040\004\075\004\060\000\040\004\077\004\100\004\065\004\064\004\070\004\074\004\101\004\102\004\062\004\060\004\102\004\060\000\040\004\070\000\040\004\075\004\065\004\064\004\076\004\101\004\102\004\060\004\102\004\112\004\106\004\070\004\102\004\065}{section.3}% 13
\BOOKMARK [1][-]{section.4}{\376\377\004\030\004\067\004\061\004\076\004\100\000\040\004\075\004\060\000\040\004\102\004\065\004\105\004\075\004\076\004\073\004\076\004\063\004\070\004\070\000\040\004\067\004\060\000\040\004\100\004\060\004\067\004\100\004\060\004\061\004\076\004\102\004\072\004\060}{}% 14
\BOOKMARK [2][-]{subsection.4.1}{\376\377\000F\000r\000o\000n\000t\000e\000n\000d\000\040\004\102\004\065\004\105\004\075\004\076\004\073\004\076\004\063\004\070\004\070}{section.4}% 15
\BOOKMARK [2][-]{subsection.4.2}{\376\377\000B\000a\000c\000k\000e\000n\000d\000\040\004\102\004\065\004\105\004\075\004\076\004\073\004\076\004\063\004\070\004\070}{section.4}% 16
\BOOKMARK [1][-]{section.5}{\376\377\004\037\004\100\004\076\004\065\004\072\004\102\004\070\004\100\004\060\004\075\004\065\000\040\004\075\004\060\000\040\004\060\004\100\004\105\004\070\004\102\004\065\004\072\004\102\004\103\004\100\004\060\004\102\004\060\000\040\004\075\004\060\000\040\004\101\004\070\004\101\004\102\004\065\004\074\004\060\004\102\004\060}{}% 17
\BOOKMARK [2][-]{subsection.5.1}{\376\377\004\041\004\070\004\101\004\102\004\065\004\074\004\075\004\060\000\040\004\060\004\100\004\105\004\070\004\102\004\065\004\072\004\102\004\103\004\100\004\060}{section.5}% 18
\BOOKMARK [2][-]{subsection.5.2}{\376\377\004\034\004\076\004\064\004\103\004\073\004\070\000\040\004\075\004\060\000\040\004\101\004\070\004\101\004\102\004\065\004\074\004\060\004\102\004\060}{section.5}% 19
\BOOKMARK [1][-]{section.6}{\376\377\004\040\004\065\004\060\004\073\004\070\004\067\004\060\004\106\004\070\004\117\000\040\004\075\004\060\000\040\004\101\004\070\004\101\004\102\004\065\004\074\004\060\004\102\004\060}{}% 20
\BOOKMARK [2][-]{subsection.6.1}{\376\377\004\035\004\060\004\101\004\102\004\100\004\076\004\071\004\072\004\060\000\040\004\075\004\060\000\040\000F\000i\000r\000e\000b\000a\000s\000e\000\040\004\077\004\100\004\076\004\065\004\072\004\102\004\060}{section.6}% 21
\BOOKMARK [2][-]{subsection.6.2}{\376\377\004\041\004\112\004\067\004\064\004\060\004\062\004\060\004\075\004\065\000\040\004\075\004\060\000\040\004\061\004\060\004\067\004\060\004\102\004\060\000\040\004\064\004\060\004\075\004\075\004\070}{section.6}% 22
\BOOKMARK [2][-]{subsection.6.3}{\376\377\004\040\004\060\004\067\004\100\004\060\004\061\004\076\004\102\004\072\004\060\000\040\004\075\004\060\000\040\000f\000r\000o\000n\000t\000e\000n\000d\000\040\004\072\004\076\004\074\004\077\004\076\004\075\004\065\004\075\004\102\004\070}{section.6}% 23
\BOOKMARK [1][-]{section.7}{\376\377\004\042\004\065\004\101\004\102\004\062\004\060\004\075\004\065\000\040\004\075\004\060\000\040\004\101\004\070\004\101\004\102\004\065\004\074\004\060\004\102\004\060}{}% 24
\BOOKMARK [2][-]{subsection.7.1}{\376\377\004\022\004\070\004\064\004\076\004\062\004\065\000\040\004\102\004\065\004\101\004\102\004\076\004\062\004\065}{section.7}% 25
\BOOKMARK [1][-]{section.8}{\376\377\004\024\004\076\004\072\004\103\004\074\004\065\004\075\004\102\004\070\004\100\004\060\004\075\004\065\000\040\004\075\004\060\000\040\004\101\004\070\004\101\004\102\004\065\004\074\004\060\004\102\004\060}{}% 26
\BOOKMARK [2][-]{subsection.8.1}{\376\377\004\042\004\065\004\105\004\075\004\070\004\107\004\065\004\101\004\072\004\060\000\040\004\064\004\076\004\072\004\103\004\074\004\065\004\075\004\102\004\060\004\106\004\070\004\117}{section.8}% 27
\BOOKMARK [2][-]{subsection.8.2}{\376\377\004\037\004\076\004\102\004\100\004\065\004\061\004\070\004\102\004\065\004\073\004\101\004\072\004\060\000\040\004\064\004\076\004\072\004\103\004\074\004\065\004\075\004\102\004\060\004\106\004\070\004\117}{section.8}% 28
\BOOKMARK [1][-]{section.9}{\376\377\004\022\004\112\004\062\004\065\004\066\004\064\004\060\004\075\004\065\000\040\004\062\000\040\004\065\004\072\004\101\004\077\004\073\004\076\004\060\004\102\004\060\004\106\004\070\004\117}{}% 29
\BOOKMARK [2][-]{subsection.9.1}{\376\377\004\037\004\076\004\064\004\063\004\076\004\102\004\076\004\062\004\072\004\060\000\040\004\075\004\060\000\040\004\101\004\100\004\065\004\064\004\060\004\102\004\060}{section.9}% 30
\BOOKMARK [2][-]{subsection.9.2}{\376\377\004\034\004\070\004\063\004\100\004\060\004\106\004\070\004\117\000\040\004\075\004\060\000\040\004\064\004\060\004\075\004\075\004\070\004\102\004\065}{section.9}% 31
\BOOKMARK [1][-]{section.10}{\376\377\004\020\004\075\004\060\004\073\004\070\004\067\000\040\004\070\000\040\004\070\004\067\004\062\004\076\004\064\004\070}{}% 32
\BOOKMARK [2][-]{subsection.10.1}{\376\377\004\037\004\076\004\101\004\102\004\070\004\063\004\075\004\060\004\102\004\070\000\040\004\100\004\065\004\067\004\103\004\073\004\102\004\060\004\102\004\070}{section.10}% 33
\BOOKMARK [2][-]{subsection.10.2}{\376\377\004\035\004\060\004\101\004\076\004\072\004\070\000\040\004\067\004\060\000\040\004\061\004\112\004\064\004\065\004\111\004\076\000\040\004\100\004\060\004\067\004\062\004\070\004\102\004\070\004\065}{section.10}% 34
\BOOKMARK [1][-]{section.11}{\376\377\004\027\004\060\004\072\004\073\004\116\004\107\004\065\004\075\004\070\004\065}{}% 35
\BOOKMARK [1][-]{section.12}{\376\377\004\030\004\067\004\077\004\076\004\073\004\067\004\062\004\060\004\075\004\060\000\040\004\073\004\070\004\102\004\065\004\100\004\060\004\102\004\103\004\100\004\060}{}% 36
\BOOKMARK [1][-]{section.13}{\376\377\004\037\004\100\004\070\004\073\004\076\004\066\004\065\004\075\004\070\004\065}{}% 37
\BOOKMARK [2][-]{subsection.13.1}{\376\377\004\037\004\100\004\070\004\073\004\076\004\066\004\065\004\075\004\070\004\065\000\040\004\020\000:\000\040\004\030\004\067\004\105\004\076\004\064\004\065\004\075\000\040\004\072\004\076\004\064}{section.13}% 38
\BOOKMARK [2][-]{subsection.13.2}{\376\377\004\037\004\100\004\070\004\073\004\076\004\066\004\065\004\075\004\070\004\065\000\040\004\021\000:\000\040\004\041\004\072\004\100\004\070\004\071\004\075\004\110\004\076\004\102\004\070}{section.13}% 39
\BOOKMARK [2][-]{subsection.13.3}{\376\377\004\037\004\100\004\070\004\073\004\076\004\066\004\065\004\075\004\070\004\065\000\040\004\022\000:\000\040\004\042\004\065\004\101\004\102\004\076\004\062\004\070\000\040\004\100\004\065\004\067\004\103\004\073\004\102\004\060\004\102\004\070}{section.13}% 40
